# JRE version: OpenJDK Runtime Environment (8.0_152-b01) (build 1.8.0_152-release-1248-b01)
# Java VM: OpenJDK 64-Bit Server VM (25.152-b01 mixed mode windows-amd64 compressed oops)
Heap:
 PSYoungGen      total 225792K, used 90469K [0x00000000e0000000, 0x00000000ef980000, 0x0000000100000000)
  eden space 205312K, 37% used [0x00000000e0000000,0x00000000e4b609e0,0x00000000ec880000)
  from space 20480K, 64% used [0x00000000ee580000,0x00000000ef278a38,0x00000000ef980000)
  to   space 25088K, 0% used [0x00000000ec880000,0x00000000ec880000,0x00000000ee100000)
 ParOldGen       total 124928K, used 42141K [0x00000000a0000000, 0x00000000a7a00000, 0x00000000e0000000)
  object space 124928K, 33% used [0x00000000a0000000,0x00000000a2927598,0x00000000a7a00000)
 Metaspace       used 75447K, capacity 77642K, committed 77784K, reserved 1116160K
  class space    used 9807K, capacity 10382K, committed 10456K, reserved 1048576K
GC Heap History (10 events):
Event: 107.980 GC heap before
{Heap before GC invocations=11 (full 2):
 PSYoungGen      total 160256K, used 135714K [0x00000000e0000000, 0x00000000ee700000, 0x0000000100000000)
  eden space 156672K, 84% used [0x00000000e0000000,0x00000000e810b890,0x00000000e9900000)
  from space 3584K, 99% used [0x00000000eab80000,0x00000000eaefd068,0x00000000eaf00000)
  to   space 18944K, 0% used [0x00000000e9900000,0x00000000e9900000,0x00000000eab80000)
 ParOldGen       total 81920K, used 36485K [0x00000000a0000000, 0x00000000a5000000, 0x00000000e0000000)
  object space 81920K, 44% used [0x00000000a0000000,0x00000000a23a1570,0x00000000a5000000)
 Metaspace       used 57673K, capacity 59012K, committed 59096K, reserved 1099776K
  class space    used 7690K, capacity 8071K, committed 8152K, reserved 1048576K
Event: 108.024 GC heap after
Heap after GC invocations=11 (full 2):
 PSYoungGen      total 175616K, used 14814K [0x00000000e0000000, 0x00000000ee000000, 0x0000000100000000)
  eden space 156672K, 0% used [0x00000000e0000000,0x00000000e0000000,0x00000000e9900000)
  from space 18944K, 78% used [0x00000000e9900000,0x00000000ea777970,0x00000000eab80000)
  to   space 20480K, 0% used [0x00000000ecc00000,0x00000000ecc00000,0x00000000ee000000)
 ParOldGen       total 81920K, used 36493K [0x00000000a0000000, 0x00000000a5000000, 0x00000000e0000000)
  object space 81920K, 44% used [0x00000000a0000000,0x00000000a23a3570,0x00000000a5000000)
 Metaspace       used 57673K, capacity 59012K, committed 59096K, reserved 1099776K
  class space    used 7690K, capacity 8071K, committed 8152K, reserved 1048576K
}
Event: 108.024 GC heap before
{Heap before GC invocations=12 (full 3):
 PSYoungGen      total 175616K, used 14814K [0x00000000e0000000, 0x00000000ee000000, 0x0000000100000000)
  eden space 156672K, 0% used [0x00000000e0000000,0x00000000e0000000,0x00000000e9900000)
  from space 18944K, 78% used [0x00000000e9900000,0x00000000ea777970,0x00000000eab80000)
  to   space 20480K, 0% used [0x00000000ecc00000,0x00000000ecc00000,0x00000000ee000000)
 ParOldGen       total 81920K, used 36493K [0x00000000a0000000, 0x00000000a5000000, 0x00000000e0000000)
  object space 81920K, 44% used [0x00000000a0000000,0x00000000a23a3570,0x00000000a5000000)
 Metaspace       used 57673K, capacity 59012K, committed 59096K, reserved 1099776K
  class space    used 7690K, capacity 8071K, committed 8152K, reserved 1048576K
Event: 108.479 GC heap after
Heap after GC invocations=12 (full 3):
 PSYoungGen      total 175616K, used 0K [0x00000000e0000000, 0x00000000ee000000, 0x0000000100000000)
  eden space 156672K, 0% used [0x00000000e0000000,0x00000000e0000000,0x00000000e9900000)
  from space 18944K, 0% used [0x00000000e9900000,0x00000000e9900000,0x00000000eab80000)
  to   space 20480K, 0% used [0x00000000ecc00000,0x00000000ecc00000,0x00000000ee000000)
 ParOldGen       total 124928K, used 35429K [0x00000000a0000000, 0x00000000a7a00000, 0x00000000e0000000)
  object space 124928K, 28% used [0x00000000a0000000,0x00000000a2299468,0x00000000a7a00000)
 Metaspace       used 57673K, capacity 59012K, committed 59096K, reserved 1099776K
  class space    used 7690K, capacity 8071K, committed 8152K, reserved 1048576K
}
Event: 144.501 GC heap before
{Heap before GC invocations=13 (full 3):
 PSYoungGen      total 175616K, used 156672K [0x00000000e0000000, 0x00000000ee000000, 0x0000000100000000)
  eden space 156672K, 100% used [0x00000000e0000000,0x00000000e9900000,0x00000000e9900000)
  from space 18944K, 0% used [0x00000000e9900000,0x00000000e9900000,0x00000000eab80000)
  to   space 20480K, 0% used [0x00000000ecc00000,0x00000000ecc00000,0x00000000ee000000)
 ParOldGen       total 124928K, used 35429K [0x00000000a0000000, 0x00000000a7a00000, 0x00000000e0000000)
  object space 124928K, 28% used [0x00000000a0000000,0x00000000a2299468,0x00000000a7a00000)
 Metaspace       used 66060K, capacity 68034K, committed 68184K, reserved 1107968K
  class space    used 8700K, capacity 9210K, committed 9304K, reserved 1048576K
Event: 144.543 GC heap after
Heap after GC invocations=13 (full 3):
 PSYoungGen      total 199680K, used 12336K [0x00000000e0000000, 0x00000000edb80000, 0x0000000100000000)
  eden space 183808K, 0% used [0x00000000e0000000,0x00000000e0000000,0x00000000eb380000)
  from space 15872K, 77% used [0x00000000ecc00000,0x00000000ed80c310,0x00000000edb80000)
  to   space 20480K, 0% used [0x00000000eb380000,0x00000000eb380000,0x00000000ec780000)
 ParOldGen       total 124928K, used 35429K [0x00000000a0000000, 0x00000000a7a00000, 0x00000000e0000000)
  object space 124928K, 28% used [0x00000000a0000000,0x00000000a2299468,0x00000000a7a00000)
 Metaspace       used 66060K, capacity 68034K, committed 68184K, reserved 1107968K
  class space    used 8700K, capacity 9210K, committed 9304K, reserved 1048576K
}
Event: 590.277 GC heap before
{Heap before GC invocations=14 (full 3):
 PSYoungGen      total 199680K, used 196131K [0x00000000e0000000, 0x00000000edb80000, 0x0000000100000000)
  eden space 183808K, 99% used [0x00000000e0000000,0x00000000eb37cb78,0x00000000eb380000)
  from space 15872K, 77% used [0x00000000ecc00000,0x00000000ed80c310,0x00000000edb80000)
  to   space 20480K, 0% used [0x00000000eb380000,0x00000000eb380000,0x00000000ec780000)
 ParOldGen       total 124928K, used 35429K [0x00000000a0000000, 0x00000000a7a00000, 0x00000000e0000000)
  object space 124928K, 28% used [0x00000000a0000000,0x00000000a2299468,0x00000000a7a00000)
 Metaspace       used 69936K, capacity 72036K, committed 72280K, reserved 1112064K
  class space    used 9136K, capacity 9689K, committed 9816K, reserved 1048576K
Event: 590.411 GC heap after
Heap after GC invocations=14 (full 3):
 PSYoungGen      total 204288K, used 20474K [0x00000000e0000000, 0x00000000efe80000, 0x0000000100000000)
  eden space 183808K, 0% used [0x00000000e0000000,0x00000000e0000000,0x00000000eb380000)
  from space 20480K, 99% used [0x00000000eb380000,0x00000000ec77ebe8,0x00000000ec780000)
  to   space 25600K, 0% used [0x00000000ee580000,0x00000000ee580000,0x00000000efe80000)
 ParOldGen       total 124928K, used 42133K [0x00000000a0000000, 0x00000000a7a00000, 0x00000000e0000000)
  object space 124928K, 33% used [0x00000000a0000000,0x00000000a2925598,0x00000000a7a00000)
 Metaspace       used 69936K, capacity 72036K, committed 72280K, reserved 1112064K
  class space    used 9136K, capacity 9689K, committed 9816K, reserved 1048576K
}
Event: 711.985 GC heap before
{Heap before GC invocations=15 (full 3):
 PSYoungGen      total 204288K, used 204282K [0x00000000e0000000, 0x00000000efe80000, 0x0000000100000000)
  eden space 183808K, 100% used [0x00000000e0000000,0x00000000eb380000,0x00000000eb380000)
  from space 20480K, 99% used [0x00000000eb380000,0x00000000ec77ebe8,0x00000000ec780000)
  to   space 25600K, 0% used [0x00000000ee580000,0x00000000ee580000,0x00000000efe80000)
 ParOldGen       total 124928K, used 42133K [0x00000000a0000000, 0x00000000a7a00000, 0x00000000e0000000)
  object space 124928K, 33% used [0x00000000a0000000,0x00000000a2925598,0x00000000a7a00000)
 Metaspace       used 71545K, capacity 73718K, committed 73944K, reserved 1114112K
  class space    used 9306K, capacity 9862K, committed 9944K, reserved 1048576K
Event: 712.101 GC heap after
Heap after GC invocations=15 (full 3):
 PSYoungGen      total 225792K, used 13282K [0x00000000e0000000, 0x00000000ef980000, 0x0000000100000000)
  eden space 205312K, 0% used [0x00000000e0000000,0x00000000e0000000,0x00000000ec880000)
  from space 20480K, 64% used [0x00000000ee580000,0x00000000ef278a38,0x00000000ef980000)
  to   space 25088K, 0% used [0x00000000ec880000,0x00000000ec880000,0x00000000ee100000)
 ParOldGen       total 124928K, used 42141K [0x00000000a0000000, 0x00000000a7a00000, 0x00000000e0000000)
  object space 124928K, 33% used [0x00000000a0000000,0x00000000a2927598,0x00000000a7a00000)
 Metaspace       used 71545K, capacity 73718K, committed 73944K, reserved 1114112K
  class space    used 9306K, capacity 9862K, committed 9944K, reserved 1048576K
}

